<?xml version="1.0" encoding="UTF-8"?>
<testsuite name="eu.europa.ec.smp.api.validators.BdxSmpOasisValidatorTest" time="0.222" tests="7" errors="0" skipped="0" failures="0">
  <properties>
    <property name="idea.version" value="2018.1.2"/>
    <property name="java.runtime.name" value="Java(TM) SE Runtime Environment"/>
    <property name="sun.boot.library.path" value="/opt/java/jdk1.8.0_161/jre/lib/amd64"/>
    <property name="java.vm.version" value="25.161-b12"/>
    <property name="java.vm.vendor" value="Oracle Corporation"/>
    <property name="maven.multiModuleProjectDirectory" value="/cef/code/smp"/>
    <property name="javax.xml.accessExternalSchema" value="all"/>
    <property name="java.vendor.url" value="http://java.oracle.com/"/>
    <property name="path.separator" value=":"/>
    <property name="guice.disable.misplaced.annotation.check" value="true"/>
    <property name="java.vm.name" value="Java HotSpot(TM) 64-Bit Server VM"/>
    <property name="file.encoding.pkg" value="sun.io"/>
    <property name="user.country" value="US"/>
    <property name="sun.java.launcher" value="SUN_STANDARD"/>
    <property name="sun.os.patch.level" value="unknown"/>
    <property name="java.vm.specification.name" value="Java Virtual Machine Specification"/>
    <property name="user.dir" value="/cef/code/smp"/>
    <property name="java.runtime.version" value="1.8.0_161-b12"/>
    <property name="java.awt.graphicsenv" value="sun.awt.X11GraphicsEnvironment"/>
    <property name="java.endorsed.dirs" value="/opt/java/jdk1.8.0_161/jre/lib/endorsed"/>
    <property name="os.arch" value="amd64"/>
    <property name="java.io.tmpdir" value="/tmp"/>
    <property name="line.separator" value="&#10;"/>
    <property name="java.vm.specification.vendor" value="Oracle Corporation"/>
    <property name="os.name" value="Linux"/>
    <property name="javax.xml.accessExternalDTD" value="all"/>
    <property name="classworlds.conf" value="/opt/programs/idea-IU-181.4445.78/plugins/maven/lib/maven3/bin/m2.conf"/>
    <property name="sun.jnu.encoding" value="UTF-8"/>
    <property name="java.library.path" value="/usr/java/packages/lib/amd64:/usr/lib64:/lib64:/lib:/usr/lib"/>
    <property name="java.specification.name" value="Java Platform API Specification"/>
    <property name="java.class.version" value="52.0"/>
    <property name="sun.management.compiler" value="HotSpot 64-Bit Tiered Compilers"/>
    <property name="os.version" value="4.10.0-38-generic"/>
    <property name="user.home" value="/home/cef"/>
    <property name="user.timezone" value="Europe/Brussels"/>
    <property name="java.awt.printerjob" value="sun.print.PSPrinterJob"/>
    <property name="java.specification.version" value="1.8"/>
    <property name="file.encoding" value="UTF-8"/>
    <property name="user.name" value="cef"/>
    <property name="java.class.path" value="/opt/programs/idea-IU-181.4445.78/plugins/maven/lib/maven3/boot/plexus-classworlds-2.5.2.jar:/opt/programs/idea-IU-181.4445.78/lib/idea_rt.jar"/>
    <property name="java.vm.specification.version" value="1.8"/>
    <property name="sun.arch.data.model" value="64"/>
    <property name="java.home" value="/opt/java/jdk1.8.0_161/jre"/>
    <property name="sun.java.command" value="org.codehaus.classworlds.Launcher -Didea.version=2018.1.2 clean install"/>
    <property name="java.specification.vendor" value="Oracle Corporation"/>
    <property name="user.language" value="en"/>
    <property name="awt.toolkit" value="sun.awt.X11.XToolkit"/>
    <property name="java.vm.info" value="mixed mode"/>
    <property name="java.version" value="1.8.0_161"/>
    <property name="java.ext.dirs" value="/opt/java/jdk1.8.0_161/jre/lib/ext:/usr/java/packages/lib/ext"/>
    <property name="securerandom.source" value="file:/dev/./urandom"/>
    <property name="sun.boot.class.path" value="/opt/java/jdk1.8.0_161/jre/lib/resources.jar:/opt/java/jdk1.8.0_161/jre/lib/rt.jar:/opt/java/jdk1.8.0_161/jre/lib/sunrsasign.jar:/opt/java/jdk1.8.0_161/jre/lib/jsse.jar:/opt/java/jdk1.8.0_161/jre/lib/jce.jar:/opt/java/jdk1.8.0_161/jre/lib/charsets.jar:/opt/java/jdk1.8.0_161/jre/lib/jfr.jar:/opt/java/jdk1.8.0_161/jre/classes"/>
    <property name="java.vendor" value="Oracle Corporation"/>
    <property name="maven.home" value="/opt/programs/idea-IU-181.4445.78/plugins/maven/lib/maven3"/>
    <property name="file.separator" value="/"/>
    <property name="java.vendor.url.bug" value="http://bugreport.sun.com/bugreport/"/>
    <property name="sun.cpu.endian" value="little"/>
    <property name="sun.io.unicode.encoding" value="UnicodeLittle"/>
    <property name="sun.cpu.isalist" value=""/>
  </properties>
  <testcase name="[0] ServiceMetadata_OK.xml (testValidatePositive)" classname="eu.europa.ec.smp.api.validators.BdxSmpOasisValidatorTest" time="0.202"/>
  <testcase name="[1] ServiceGroup_OK.xml (testValidatePositive)" classname="eu.europa.ec.smp.api.validators.BdxSmpOasisValidatorTest" time="0.002"/>
  <testcase name="[0] ServiceMetadata_ElementAdded.xml, cvc-complex-type.2.4.a: Invalid content was found starting with element &apos;ElementAdded&apos;. One of &apos;{&quot;http://docs.oasis-open.org/bdxr/ns/SMP/2016/05&quot;:ServiceInformation, &quot;http://docs.oasis-open.org/bdxr/ns/SMP/2016/05&quot;:Redirect}&apos; is expected. (testValidateNegative)" classname="eu.europa.ec.smp.api.validators.BdxSmpOasisValidatorTest" time="0.003"/>
  <testcase name="[1] ServiceMetadata_ElementMissing.xml, cvc-complex-type.2.4.b: The content of element &apos;Redirect&apos; is not complete. One of &apos;{&quot;http://docs.oasis-open.org/bdxr/ns/SMP/2016/05&quot;:CertificateUID}&apos; is expected. (testValidateNegative)" classname="eu.europa.ec.smp.api.validators.BdxSmpOasisValidatorTest" time="0.003"/>
  <testcase name="[2] ServiceGroup_MissingAssignment.xml, Attribute name &quot;missingAssignment&quot; associated with an element type &quot;ServiceMetadataReferenceCollection&quot; must be followed by the &apos; = &apos; character. (testValidateNegative)" classname="eu.europa.ec.smp.api.validators.BdxSmpOasisValidatorTest" time="0.005"/>
  <testcase name="[3] ServiceGroup_UnexpectedAttribute.xml, cvc-complex-type.3.2.2: Attribute &apos;unexpectedAttribute&apos; is not allowed to appear in element &apos;ServiceMetadataReferenceCollection&apos;. (testValidateNegative)" classname="eu.europa.ec.smp.api.validators.BdxSmpOasisValidatorTest" time="0.001"/>
  <testcase name="[4] ServiceGroup_externalDTD.xml, External DTD: Failed to read external DTD &apos;any_external_file_address.dtd&apos;, because &apos;file&apos; access is not allowed due to restriction set by the accessExternalDTD property. (testValidateNegative)" classname="eu.europa.ec.smp.api.validators.BdxSmpOasisValidatorTest" time="0.006"/>
</testsuite>